<?xml version="1.0" encoding="UTF-8"?>
<!-- Generated by org.testng.reporters.JUnitReportReporter -->
<testsuite skipped="0" hostname="Onkars-MacBook-Air.local" name="End2End.MyTest" tests="2" failures="0" timestamp="2020-12-29T14:48:14 EST" time="15.600" errors="0">
  <testcase name="selectExample" time="7.422" classname="End2End.MyTest"/>
  <system-out/>
  <testcase name="clickConfirm" time="8.178" classname="End2End.MyTest"/>
  <system-out/>
</testsuite> <!-- End2End.MyTest -->
