<?xml version="1.0" encoding="UTF-8"?>
<!-- Generated by org.testng.reporters.JUnitReportReporter -->
<testsuite hostname="Onkars-MacBook-Air.local" name="End2End.MyTest" tests="3" failures="0" timestamp="31 Dec 2020 02:08:30 GMT" time="35.734" errors="0">
  <testcase name="clickConfirm" time="13.176" classname="End2End.MyTest"/>
  <testcase name="qaClickAcadamy" time="11.373" classname="End2End.MyTest"/>
  <testcase name="selectExample" time="11.185" classname="End2End.MyTest"/>
</testsuite> <!-- End2End.MyTest -->
